[I 22:14:51.939 NotebookApp] Serving notebooks from local directory: /home/aschneider61/cell_type/notebooks
[I 22:14:51.939 NotebookApp] The Jupyter Notebook is running at:
[I 22:14:51.939 NotebookApp] http://localhost:8812/?token=1db433b162138b80c4f582ff7d4d65f8e779ace30c82243d
[I 22:14:51.939 NotebookApp]  or http://127.0.0.1:8812/?token=1db433b162138b80c4f582ff7d4d65f8e779ace30c82243d
[I 22:14:51.939 NotebookApp] Use Control-C to stop this server and shut down all kernels (twice to skip confirmation).
[C 22:14:51.941 NotebookApp] 
    
    To access the notebook, open this file in a browser:
        file:///home/aschneider61/.local/share/jupyter/runtime/nbserver-2556069-open.html
    Or copy and paste one of these URLs:
        http://localhost:8812/?token=1db433b162138b80c4f582ff7d4d65f8e779ace30c82243d
     or http://127.0.0.1:8812/?token=1db433b162138b80c4f582ff7d4d65f8e779ace30c82243d
[I 22:17:44.274 NotebookApp] Serving notebooks from local directory: /home/aschneider61/cell_type/notebooks
[I 22:17:44.274 NotebookApp] The Jupyter Notebook is running at:
[I 22:17:44.274 NotebookApp] http://localhost:8812/?token=9ce8d41ec9ad95824f2144a2ab85a65bb548ab81d0885946
[I 22:17:44.274 NotebookApp]  or http://127.0.0.1:8812/?token=9ce8d41ec9ad95824f2144a2ab85a65bb548ab81d0885946
[I 22:17:44.274 NotebookApp] Use Control-C to stop this server and shut down all kernels (twice to skip confirmation).
[W 22:17:44.276 NotebookApp] No web browser found: could not locate runnable browser.
[C 22:17:44.277 NotebookApp] 
    
    To access the notebook, open this file in a browser:
        file:///home/aschneider61/.local/share/jupyter/runtime/nbserver-2556080-open.html
    Or copy and paste one of these URLs:
        http://localhost:8812/?token=9ce8d41ec9ad95824f2144a2ab85a65bb548ab81d0885946
     or http://127.0.0.1:8812/?token=9ce8d41ec9ad95824f2144a2ab85a65bb548ab81d0885946
[I 22:18:07.568 NotebookApp] Interrupted...
[I 22:18:07.568 NotebookApp] Shutting down 0 kernels
[I 22:26:23.510 NotebookApp] Serving notebooks from local directory: /home/aschneider61/cell_type/notebooks
[I 22:26:23.510 NotebookApp] The Jupyter Notebook is running at:
[I 22:26:23.510 NotebookApp] http://143.215.230.6:8812/?token=61cccf52446c4a2794128b86faa6a83d14185b6179549747
[I 22:26:23.510 NotebookApp]  or http://127.0.0.1:8812/?token=61cccf52446c4a2794128b86faa6a83d14185b6179549747
[I 22:26:23.510 NotebookApp] Use Control-C to stop this server and shut down all kernels (twice to skip confirmation).
[C 22:26:23.512 NotebookApp] 
    
    To access the notebook, open this file in a browser:
        file:///home/aschneider61/.local/share/jupyter/runtime/nbserver-2556096-open.html
    Or copy and paste one of these URLs:
        http://143.215.230.6:8812/?token=61cccf52446c4a2794128b86faa6a83d14185b6179549747
     or http://127.0.0.1:8812/?token=61cccf52446c4a2794128b86faa6a83d14185b6179549747
[I 23:27:37.532 NotebookApp] Interrupted...
[I 23:27:37.532 NotebookApp] Shutting down 0 kernels
[W 23:28:01.185 NotebookApp] All authentication is disabled.  Anyone who can connect to this server will be able to run code.
[I 23:28:01.187 NotebookApp] Serving notebooks from local directory: /home/aschneider61/cell_type/notebooks
[I 23:28:01.187 NotebookApp] The Jupyter Notebook is running at:
[I 23:28:01.187 NotebookApp] http://143.215.230.6:8812/
[I 23:28:01.187 NotebookApp] Use Control-C to stop this server and shut down all kernels (twice to skip confirmation).
[I 23:29:57.022 NotebookApp] Interrupted...
[I 23:29:57.023 NotebookApp] Shutting down 0 kernels
[C 23:30:04.759 NotebookApp] Bad config encountered during initialization:
[C 23:30:04.759 NotebookApp] The 'token' trait of a NotebookApp instance must be a unicode string, but a value of 123 <class 'int'> was specified.
The Jupyter HTML Notebook.

This launches a Tornado based HTML Notebook Server that serves up an
HTML5/Javascript Notebook client.

Subcommands
-----------

Subcommands are launched as `jupyter-notebook cmd [args]`. For information on
using subcommand 'cmd', do: `jupyter-notebook cmd -h`.

list
    List currently running notebook servers.
stop
    Stop currently running notebook server for a given port
password
    Set a password for the notebook server.

Options
-------

Arguments that take values are actually convenience aliases to full
Configurables, whose aliases are listed on the help line. For more information
on full configurables, see '--help-all'.

--debug
    set log level to logging.DEBUG (maximize logging output)
--generate-config
    generate default config file
-y
    Answer yes to any questions instead of prompting.
--no-browser
    Don't open the notebook in a browser after startup.
--pylab
    DISABLED: use %pylab or %matplotlib in the notebook to enable matplotlib.
--no-mathjax
    Disable MathJax
    
    MathJax is the javascript library Jupyter uses to render math/LaTeX. It is
    very large, so you may want to disable it if you have a slow internet
    connection, or for offline use of the notebook.
    
    When disabled, equations etc. will appear as their untransformed TeX source.
--allow-root
    Allow the notebook to be run from root user.
--script
    DEPRECATED, IGNORED
--no-script
    DEPRECATED, IGNORED
--log-level=<Enum> (Application.log_level)
    Default: 30
    Choices: (0, 10, 20, 30, 40, 50, 'DEBUG', 'INFO', 'WARN', 'ERROR', 'CRITICAL')
    Set the log level by value or name.
--config=<Unicode> (JupyterApp.config_file)
    Default: ''
    Full path of a config file.
--ip=<Unicode> (NotebookApp.ip)
    Default: 'localhost'
    The IP address the notebook server will listen on.
--port=<Int> (NotebookApp.port)
    Default: 8888
    The port the notebook server will listen on.
--port-retries=<Int> (NotebookApp.port_retries)
    Default: 50
    The number of additional ports to try if the specified port is not
    available.
--transport=<CaselessStrEnum> (KernelManager.transport)
    Default: 'tcp'
    Choices: ['tcp', 'ipc']
--keyfile=<Unicode> (NotebookApp.keyfile)
    Default: ''
    The full path to a private key file for usage with SSL/TLS.
--certfile=<Unicode> (NotebookApp.certfile)
    Default: ''
    The full path to an SSL/TLS certificate file.
--client-ca=<Unicode> (NotebookApp.client_ca)
    Default: ''
    The full path to a certificate authority certificate for SSL/TLS client
    authentication.
--notebook-dir=<Unicode> (NotebookApp.notebook_dir)
    Default: ''
    The directory to use for notebooks and kernels.
--browser=<Unicode> (NotebookApp.browser)
    Default: ''
    Specify what command to use to invoke a web browser when opening the
    notebook. If not specified, the default browser will be determined by the
    `webbrowser` standard library module, which allows setting of the BROWSER
    environment variable to override it.
--pylab=<Unicode> (NotebookApp.pylab)
    Default: 'disabled'
    DISABLED: use %pylab or %matplotlib in the notebook to enable matplotlib.
--gateway-url=<Unicode> (GatewayClient.url)
    Default: None
    The url of the Kernel or Enterprise Gateway server where kernel
    specifications are defined and kernel management takes place. If defined,
    this Notebook server acts as a proxy for all kernel management and kernel
    specification retrieval.  (JUPYTER_GATEWAY_URL env var)

To see all available configurables, use `--help-all`

Examples
--------

    jupyter notebook                       # start the notebook
    jupyter notebook --certfile=mycert.pem # use SSL/TLS certificate
    jupyter notebook password              # enter a password to protect the server

